2021-05-06T11:31:34: Server started at: 2155
2021-05-06T11:31:34: DB connected successfully
2021-05-06T12:07:16: [0mGET /nodejs/car/car_list [32m200 [0m36.120 ms - 2[0m
2021-05-06T12:18:53: [0mGET /nodejs/car/car_list [36m304 [0m9.943 ms - -[0m
2021-05-06T12:19:17: [0mGET /nodejs/car/car_list [36m304 [0m4.574 ms - -[0m
2021-05-06T12:23:42: [0mGET /nodejs/car/car_list [36m304 [0m14.032 ms - -[0m
2021-05-06T12:24:19: [0mGET /nodejs/car/car_list [36m304 [0m2.810 ms - -[0m
2021-05-06T12:26:33: [0mGET /nodejs/car/car_list [36m304 [0m3.854 ms - -[0m
2021-05-06T12:27:28: [0mGET /nodejs/car/car_list [36m304 [0m6.994 ms - -[0m
2021-05-06T12:28:00: [0mGET /nodejs/car/car_list [36m304 [0m2.978 ms - -[0m
2021-05-06T12:29:12: [0mGET /nodejs/car/car_list [36m304 [0m10.310 ms - -[0m
2021-05-06T13:50:09: [0mGET /nodejs/car/car_list [36m304 [0m4.178 ms - -[0m
2021-05-06T13:50:47: [0mGET /nodejs/car/car_list [36m304 [0m58.521 ms - -[0m
2021-05-06T13:52:04: [0mGET /nodejs/car/car_list [36m304 [0m58.554 ms - -[0m
2021-05-06T13:52:33: [0mGET /nodejs/car/car_list [36m304 [0m2.812 ms - -[0m
2021-05-06T13:53:06: [0mGET /nodejs/car/car_list [36m304 [0m2.964 ms - -[0m
2021-05-06T13:53:40: [0mGET /nodejs/car/car_list [36m304 [0m2.623 ms - -[0m
2021-05-06T13:54:45: [0mGET /nodejs/car/car_list [36m304 [0m2.980 ms - -[0m
2021-05-06T13:55:39: [0mGET /nodejs/car/car_list [36m304 [0m1.898 ms - -[0m
2021-05-06T13:56:26: [0mGET /nodejs/car/car_list [36m304 [0m3.130 ms - -[0m
2021-05-06T13:56:45: [0mGET /nodejs/car/car_list [36m304 [0m4.726 ms - -[0m
2021-05-06T13:59:46: [0mGET /nodejs/car/car_list [36m304 [0m2.017 ms - -[0m
2021-05-06T14:00:08: [0mGET /nodejs/car/car_list [36m304 [0m3.977 ms - -[0m
2021-05-06T14:01:30: [0mGET /nodejs/car/car_list [36m304 [0m59.052 ms - -[0m
2021-05-06T14:02:25: [0mGET /nodejs/car/car_list [36m304 [0m2.291 ms - -[0m
2021-05-06T14:34:52: [0mGET /nodejs/car/car_list [36m304 [0m31.224 ms - -[0m
2021-05-06T14:36:05: [0mGET /nodejs/car/car_list [36m304 [0m2.413 ms - -[0m
2021-05-06T14:37:09: [0mGET /nodejs/car/car_list [36m304 [0m2.973 ms - -[0m
2021-05-06T14:39:51: [0mGET /nodejs/car/car_list [36m304 [0m2.425 ms - -[0m
2021-05-06T14:40:35: [0mGET /nodejs/car/car_list [36m304 [0m2.635 ms - -[0m
2021-05-06T14:42:29: [0mGET /nodejs/car/car_list [36m304 [0m2.693 ms - -[0m
2021-05-06T14:47:00: [0mGET /nodejs/car/car_list [36m304 [0m3.082 ms - -[0m
2021-05-06T14:47:37: [0mGET /nodejs/car/car_list [36m304 [0m2.797 ms - -[0m
2021-05-06T14:48:44: [0mGET /nodejs/car/car_list [36m304 [0m1.640 ms - -[0m
2021-05-06T14:50:28: [0mGET /nodejs/car/car_list [36m304 [0m55.965 ms - -[0m
2021-05-06T14:51:32: [0mGET /nodejs/car/car_list [36m304 [0m2.723 ms - -[0m
2021-05-06T14:52:38: [0mGET /nodejs/car/car_list [36m304 [0m3.432 ms - -[0m
2021-05-06T14:53:09: [0mGET /nodejs/car/car_list [36m304 [0m2.441 ms - -[0m
2021-05-06T14:54:18: [0mGET /nodejs/car/car_list [36m304 [0m2.734 ms - -[0m
2021-05-06T14:55:08: [0mGET /nodejs/car/car_list [36m304 [0m3.030 ms - -[0m
2021-05-06T14:55:55: [0mGET /nodejs/car/car_list [36m304 [0m2.631 ms - -[0m
2021-05-06T14:56:31: [0mGET /nodejs/car/car_list [36m304 [0m2.610 ms - -[0m
2021-05-06T14:57:29: [0mGET /nodejs/car/car_list [36m304 [0m3.013 ms - -[0m
2021-05-06T14:58:00: [0mGET /nodejs/car/car_list [36m304 [0m2.180 ms - -[0m
2021-05-06T14:58:20: [0mGET /nodejs/car/car_list [36m304 [0m2.579 ms - -[0m
2021-05-06T14:58:28: [0mGET /nodejs/car/car_list [36m304 [0m2.202 ms - -[0m
2021-05-06T15:00:06: [0mGET /nodejs/car/car_list [36m304 [0m2.335 ms - -[0m
2021-05-06T15:01:36: [0mGET /nodejs/car/car_list [36m304 [0m1.910 ms - -[0m
2021-05-06T15:02:14: [0mGET /nodejs/car/car_list [36m304 [0m3.447 ms - -[0m
2021-05-06T15:08:28: [0mGET /nodejs/car/car_list [36m304 [0m4.559 ms - -[0m
2021-05-06T15:09:03: [0mGET /nodejs/car/car_list [36m304 [0m3.127 ms - -[0m
2021-05-06T15:09:25: [0mGET /nodejs/car/car_list [36m304 [0m2.351 ms - -[0m
2021-05-06T15:09:41: [0mGET /nodejs/car/car_list [36m304 [0m3.550 ms - -[0m
2021-05-06T15:09:59: [0mGET /nodejs/car/car_list [36m304 [0m2.059 ms - -[0m
2021-05-06T15:10:20: [0mGET /nodejs/car/car_list [36m304 [0m3.800 ms - -[0m
2021-05-06T15:15:17: [0mGET /nodejs/car/car_list [36m304 [0m2.589 ms - -[0m
2021-05-06T15:15:41: [0mGET /nodejs/car/car_list [36m304 [0m3.015 ms - -[0m
2021-05-06T15:16:28: [0mGET /nodejs/car/car_list [36m304 [0m3.936 ms - -[0m
2021-05-06T15:18:31: [0mGET /nodejs/car/car_list [36m304 [0m3.507 ms - -[0m
2021-05-06T15:19:36: [0mGET /nodejs/car/car_list [36m304 [0m3.490 ms - -[0m
2021-05-06T15:19:37: [0mGET /nodejs/car/car_list [32m200 [0m3.800 ms - 2[0m
2021-05-06T15:20:37: [0mGET /nodejs/car/car_list [36m304 [0m3.286 ms - -[0m
2021-05-06T15:21:15: [0mGET /nodejs/car/car_list [36m304 [0m3.347 ms - -[0m
2021-05-06T15:21:58: [0mGET /nodejs/car/car_list [36m304 [0m3.606 ms - -[0m
2021-05-06T15:22:59: [0mGET /nodejs/car/car_list [36m304 [0m2.630 ms - -[0m
2021-05-06T15:23:31: [0mGET /nodejs/car/car_list [36m304 [0m2.144 ms - -[0m
2021-05-06T15:24:13: [0mGET /nodejs/car/car_list [36m304 [0m2.480 ms - -[0m
2021-05-06T15:24:30: [0mGET /nodejs/car/car_list [36m304 [0m2.250 ms - -[0m
2021-05-06T15:25:00: [0mGET /nodejs/car/car_list [36m304 [0m2.674 ms - -[0m
2021-05-06T15:25:48: [0mGET /nodejs/car/car_list [36m304 [0m2.656 ms - -[0m
2021-05-06T15:27:03: [0mGET /nodejs/car/car_list [36m304 [0m3.101 ms - -[0m
2021-05-06T15:30:01: [0mGET /nodejs/car/car_list [36m304 [0m3.048 ms - -[0m
2021-05-06T15:30:29: [0mGET /nodejs/car/car_list [36m304 [0m3.288 ms - -[0m
2021-05-06T15:31:10: [0mGET /nodejs/car/car_list [36m304 [0m2.418 ms - -[0m
2021-05-06T15:32:13: [0mGET /nodejs/car/car_list [36m304 [0m2.801 ms - -[0m
2021-05-06T15:32:46: [0mGET /nodejs/car/car_list [36m304 [0m2.295 ms - -[0m
2021-05-06T15:34:40: [0mGET /nodejs/car/car_list [36m304 [0m4.038 ms - -[0m
2021-05-06T15:35:26: [0mGET /nodejs/car/car_list [36m304 [0m2.932 ms - -[0m
2021-05-06T15:36:36: [0mGET /nodejs/car/car_list [36m304 [0m2.339 ms - -[0m
2021-05-06T15:37:25: [0mGET /nodejs/car/car_list [36m304 [0m3.244 ms - -[0m
2021-05-06T15:38:27: [0mGET /nodejs/car/car_list [36m304 [0m2.177 ms - -[0m
2021-05-06T15:38:47: [0mGET /nodejs/car/car_list [36m304 [0m2.417 ms - -[0m
2021-05-06T15:40:06: [0mGET /nodejs/car/car_list [36m304 [0m3.201 ms - -[0m
2021-05-06T15:41:34: [0mGET /nodejs/car/car_list [36m304 [0m1.942 ms - -[0m
2021-05-06T15:42:29: [0mGET /nodejs/car/car_list [36m304 [0m1.933 ms - -[0m
2021-05-06T15:42:44: [0mGET /nodejs/car/car_list [36m304 [0m5.025 ms - -[0m
2021-05-06T15:43:08: [0mGET /nodejs/car/car_list [36m304 [0m3.067 ms - -[0m
2021-05-06T15:43:33: [0mGET /nodejs/car/car_list [36m304 [0m2.084 ms - -[0m
2021-05-06T15:56:44: [0mGET /nodejs/car/car_list [36m304 [0m4.457 ms - -[0m
2021-05-06T15:57:51: [0mGET /nodejs/car/car_list [36m304 [0m3.715 ms - -[0m
2021-05-06T15:58:33: [0mGET /nodejs/car/car_list [36m304 [0m3.172 ms - -[0m
2021-05-06T15:58:58: [0mGET /nodejs/car/car_list [36m304 [0m2.790 ms - -[0m
2021-05-06T16:01:07: [0mGET /nodejs/car/car_list [36m304 [0m2.799 ms - -[0m
2021-05-06T16:02:12: [0mGET /nodejs/car/car_list [36m304 [0m2.483 ms - -[0m
2021-05-06T16:02:37: [0mGET /nodejs/car/car_list [36m304 [0m2.842 ms - -[0m
2021-05-06T16:03:33: [0mGET /nodejs/car/car_list [36m304 [0m4.537 ms - -[0m
2021-05-06T16:03:35: [0mGET /nodejs/car/car_list [36m304 [0m2.794 ms - -[0m
2021-05-06T16:05:58: [0mGET /nodejs/car/car_list [36m304 [0m3.569 ms - -[0m
2021-05-06T16:09:41: [0mGET /nodejs/car/car_list [36m304 [0m2.455 ms - -[0m
2021-05-06T16:10:01: [0mGET /nodejs/car/car_list [36m304 [0m2.285 ms - -[0m
2021-05-06T16:46:27: [0mGET /nodejs/car/car_list [36m304 [0m31.742 ms - -[0m
2021-05-06T17:43:45: [0mGET /nodejs/car/car_list [36m304 [0m64.834 ms - -[0m
2021-05-06T17:46:44: [0mGET /nodejs/car/car_list [36m304 [0m4.676 ms - -[0m
2021-05-06T17:48:47: [0mGET /nodejs/car/car_list [36m304 [0m3.392 ms - -[0m
2021-05-06T17:58:27: [0mGET /nodejs/car/car_list [36m304 [0m2.333 ms - -[0m
2021-05-06T17:59:13: [0mGET /nodejs/car/car_list [36m304 [0m2.828 ms - -[0m
2021-05-06T18:00:56: [0mGET /nodejs/car/car_list [36m304 [0m3.935 ms - -[0m
2021-05-06T18:03:14: [0mGET /nodejs/car/car_list [36m304 [0m56.709 ms - -[0m
2021-05-06T18:16:15: [0mGET /nodejs/car/car_list [36m304 [0m2.991 ms - -[0m
2021-05-06T18:17:01: [0mGET /nodejs/car/car_list [36m304 [0m2.697 ms - -[0m
2021-05-06T18:18:03: [0mGET /nodejs/car/car_list [36m304 [0m2.888 ms - -[0m
2021-05-06T18:18:30: [0mGET /nodejs/car/car_list [36m304 [0m57.018 ms - -[0m
2021-05-06T18:19:58: [0mGET /nodejs/car/car_list [36m304 [0m2.619 ms - -[0m
2021-05-06T18:21:10: [0mGET /nodejs/car/car_list [36m304 [0m2.895 ms - -[0m
2021-05-06T18:22:45: [0mGET /nodejs/car/car_list [36m304 [0m58.212 ms - -[0m
2021-05-06T18:24:49: [0mGET /nodejs/car/car_list [36m304 [0m2.831 ms - -[0m
2021-05-06T18:25:23: [0mGET /nodejs/car/car_list [36m304 [0m2.369 ms - -[0m
2021-05-06T18:25:48: [0mGET /nodejs/car/car_list [36m304 [0m3.022 ms - -[0m
2021-05-06T18:26:03: [0mGET /nodejs/car/car_list [36m304 [0m58.394 ms - -[0m
2021-05-06T18:26:38: [0mGET /nodejs/car/car_list [36m304 [0m1.912 ms - -[0m
2021-05-06T18:27:09: [0mGET /nodejs/car/car_list [36m304 [0m3.497 ms - -[0m
2021-05-06T18:35:14: [0mGET /nodejs/car/car_list [36m304 [0m2.296 ms - -[0m
2021-05-06T18:36:18: [0mGET /nodejs/car/car_list [36m304 [0m2.599 ms - -[0m
2021-05-06T18:36:58: [0mGET /nodejs/car/car_list [36m304 [0m3.219 ms - -[0m
2021-05-06T19:04:24: [0mGET /nodejs/car/car_list [36m304 [0m32.041 ms - -[0m
2021-05-06T19:37:01: [0mGET /nodejs/car/car_list [36m304 [0m66.768 ms - -[0m
2021-05-31T10:05:44: Server started at: 2155
2021-05-31T10:05:44: DB connected successfully
2021-05-31T10:06:18: [0mGET /nodejs/bankaccount/bankaccount_list [32m200 [0m28.432 ms - 2[0m
2021-05-31T10:20:38: [0mGET /nodejs/bankaccount/bankaccount_list [36m304 [0m28.575 ms - -[0m
2021-05-31T10:23:04: [0mGET /nodejs/bankaccount/bankaccount_list [36m304 [0m4.560 ms - -[0m
2021-05-31T10:23:06: [0mGET /nodejs/bankaccount/bankaccount_list [36m304 [0m4.875 ms - -[0m
2021-05-31T10:23:14: [0mGET /nodejs/bankaccount/bankaccount_list [36m304 [0m4.610 ms - -[0m
2021-05-31T10:23:30: [0mGET /nodejs/bankaccount/bankaccount_list [36m304 [0m3.995 ms - -[0m
2021-05-31T10:23:33: [0mGET /nodejs/bankaccount/bankaccount_list [36m304 [0m3.491 ms - -[0m
2021-05-31T10:23:35: [0mGET /nodejs/bankaccount/bankaccount_list [36m304 [0m3.873 ms - -[0m
2021-05-31T10:28:18: [0mGET /nodejs/bankaccount/bankaccount_list [36m304 [0m3.420 ms - -[0m
2021-05-31T10:28:21: [0mGET /nodejs/bankaccount/bankaccount_list [36m304 [0m3.843 ms - -[0m
2021-05-31T10:28:23: [0mGET /nodejs/bankaccount/bankaccount_list [36m304 [0m3.444 ms - -[0m
2021-05-31T10:29:10: [0mGET /nodejs/bankaccount/bankaccount_list [36m304 [0m3.739 ms - -[0m
2021-05-31T10:29:44: [0mGET /nodejs/bankaccount/bankaccount_list [36m304 [0m3.186 ms - -[0m
2021-05-31T10:31:13: [0mGET /nodejs/bankaccount/bankaccount_list [36m304 [0m4.104 ms - -[0m
2021-05-31T10:31:33: [0mGET /nodejs/bankaccount/bankaccount_list [36m304 [0m2.682 ms - -[0m
2021-05-31T10:31:37: [0mGET /nodejs/bankaccount/bankaccount_list [36m304 [0m3.552 ms - -[0m
2021-05-31T10:40:24: [0mGET /nodejs/bankaccount/bankaccount_list [36m304 [0m2.948 ms - -[0m
2021-05-31T10:41:51: [0mGET /nodejs/bankaccount/bankaccount_list [36m304 [0m3.722 ms - -[0m
2021-05-31T10:42:09: [0mGET /nodejs/bankaccount/bankaccount_list [36m304 [0m2.512 ms - -[0m
2021-05-31T10:44:26: [0mGET /nodejs/bankaccount/bankaccount_list [36m304 [0m2.319 ms - -[0m
2021-05-31T10:44:47: [0mGET /nodejs/bankaccount/bankaccount_list [36m304 [0m2.010 ms - -[0m
2021-05-31T10:46:30: [0mGET /nodejs/bankaccount/bankaccount_list [36m304 [0m2.045 ms - -[0m
2021-05-31T10:51:55: [0mGET /nodejs/bankaccount/bankaccount_list [36m304 [0m61.318 ms - -[0m
2021-05-31T11:05:09: [0mGET /nodejs/bankaccount/bankaccount_list [36m304 [0m6.493 ms - -[0m
2021-05-31T11:05:58: [0mGET /nodejs/bankaccount/bankaccount_list [36m304 [0m3.316 ms - -[0m
2021-05-31T11:06:11: [0mGET /nodejs/bankaccount/bankaccount_list [36m304 [0m56.990 ms - -[0m
2021-05-31T11:06:13: [0mGET /nodejs/bankaccount/bankaccount_list [36m304 [0m3.364 ms - -[0m
2021-05-31T11:54:55: [0mGET /nodejs/bankaccount/bankaccount_list [36m304 [0m16.208 ms - -[0m
2021-05-31T12:05:58: Server started at: 2155
2021-05-31T12:05:58: DB connected successfully
2021-05-31T12:22:43: [0mGET /nodejs/bankaccount/bankaccount_list [36m304 [0m19.582 ms - -[0m
2021-05-31T13:19:52: [0mGET /nodejs/bankaccount/bankaccount_list [36m304 [0m7.348 ms - -[0m
2021-05-31T13:25:56: [0mGET /nodejs/bankaccount/bankaccount_list [36m304 [0m5.386 ms - -[0m
2021-05-31T13:26:17: [0mGET /nodejs/bankaccount/bankaccount_list [36m304 [0m4.761 ms - -[0m
2021-05-31T13:26:34: [0mGET /nodejs/bankaccount/bankaccount_list [36m304 [0m4.064 ms - -[0m
2021-05-31T13:26:56: [0mGET /nodejs/bankaccount/bankaccount_list [36m304 [0m3.592 ms - -[0m
2021-05-31T13:28:08: [0mGET /nodejs/bankaccount/bankaccount_list [36m304 [0m3.641 ms - -[0m
2021-05-31T13:29:01: [0mGET /nodejs/bankaccount/bankaccount_list [36m304 [0m4.043 ms - -[0m
2021-05-31T13:29:04: [0mGET /nodejs/bankaccount/bankaccount_list [36m304 [0m3.952 ms - -[0m
2021-05-31T13:29:44: [0mGET /nodejs/bankaccount/bankaccount_list [36m304 [0m3.913 ms - -[0m
2021-05-31T13:31:06: [0mGET /nodejs/bankaccount/bankaccount_list [36m304 [0m3.072 ms - -[0m
2021-05-31T13:31:23: [0mGET /nodejs/bankaccount/bankaccount_list [36m304 [0m1.631 ms - -[0m
2021-05-31T13:32:23: [0mGET /nodejs/bankaccount/bankaccount_list [36m304 [0m4.698 ms - -[0m
2021-05-31T13:32:27: [0mGET /nodejs/bankaccount/bankaccount_list [36m304 [0m4.027 ms - -[0m
2021-06-01T08:05:08: [0mGET /nodejs/bankaccount/bankaccount_list [36m304 [0m27.409 ms - -[0m
2021-06-01T08:15:25: [0mGET /nodejs/bankaccount/bankaccount_list [36m304 [0m3.181 ms - -[0m
2021-06-01T08:17:35: [0mGET /nodejs/bankaccount/bankaccount_list [36m304 [0m1.831 ms - -[0m
2021-06-01T08:20:42: [0mGET /nodejs/bankaccount/bankaccount_list [36m304 [0m2.547 ms - -[0m
2021-06-01T08:21:46: [0mGET /nodejs/bankaccount/bankaccount_list [36m304 [0m3.200 ms - -[0m
2021-06-01T08:22:06: [0mGET /nodejs/bankaccount/bankaccount_list [36m304 [0m2.684 ms - -[0m
2021-06-01T08:23:08: [0mGET /nodejs/bankaccount/bankaccount_list [36m304 [0m1.701 ms - -[0m
2021-06-01T08:23:42: [0mGET /nodejs/bankaccount/bankaccount_list [36m304 [0m3.471 ms - -[0m
2021-06-01T08:24:11: [0mGET /nodejs/bankaccount/bankaccount_list [36m304 [0m3.089 ms - -[0m
2021-06-01T08:26:55: [0mGET /nodejs/bankaccount/bankaccount_list [36m304 [0m2.794 ms - -[0m
2021-06-01T08:27:39: [0mGET /nodejs/bankaccount/bankaccount_list [36m304 [0m2.615 ms - -[0m
2021-06-01T08:28:20: [0mGET /nodejs/bankaccount/bankaccount_list [36m304 [0m1.591 ms - -[0m
2021-06-01T08:29:38: [0mGET /nodejs/bankaccount/bankaccount_list [36m304 [0m2.942 ms - -[0m
2021-06-01T08:31:12: [0mGET /nodejs/bankaccount/bankaccount_list [36m304 [0m2.660 ms - -[0m
2021-06-01T08:31:47: [0mGET /nodejs/bankaccount/bankaccount_list [36m304 [0m2.390 ms - -[0m
2021-06-01T08:34:44: [0mGET /nodejs/bankaccount/bankaccount_list [36m304 [0m1.779 ms - -[0m
2021-06-01T08:36:16: [0mGET /nodejs/bankaccount/bankaccount_list [36m304 [0m3.556 ms - -[0m
2021-06-01T08:36:41: [0mGET /nodejs/bankaccount/bankaccount_list [36m304 [0m2.074 ms - -[0m
2021-06-01T08:36:58: [0mGET /nodejs/bankaccount/bankaccount_list [36m304 [0m2.584 ms - -[0m
2021-06-01T08:38:03: [0mGET /nodejs/bankaccount/bankaccount_list [36m304 [0m2.249 ms - -[0m
2021-06-01T08:39:28: [0mGET /nodejs/bankaccount/bankaccount_list [36m304 [0m1.988 ms - -[0m
2021-06-01T08:40:28: [0mGET /nodejs/bankaccount/bankaccount_list [36m304 [0m1.851 ms - -[0m
2021-06-01T08:40:45: [0mGET /nodejs/bankaccount/bankaccount_list [36m304 [0m2.466 ms - -[0m
2021-06-01T08:41:35: [0mGET /nodejs/bankaccount/bankaccount_list [36m304 [0m2.521 ms - -[0m
2021-06-01T09:02:46: [0mGET /nodejs/bankaccount/bankaccount_list [36m304 [0m1.967 ms - -[0m
2021-06-01T09:04:12: [0mGET /nodejs/bankaccount/bankaccount_list [36m304 [0m3.117 ms - -[0m
2021-06-01T09:06:53: [0mGET /nodejs/bankaccount/bankaccount_list [36m304 [0m2.829 ms - -[0m
2021-06-01T09:07:27: [0mGET /nodejs/bankaccount/bankaccount_list [36m304 [0m2.783 ms - -[0m
2021-06-01T09:09:45: [0mGET /nodejs/bankaccount/bankaccount_list [36m304 [0m3.104 ms - -[0m
2021-06-01T09:10:57: [0mGET /nodejs/bankaccount/bankaccount_list [36m304 [0m2.038 ms - -[0m
2021-06-01T09:12:12: [0mGET /nodejs/bankaccount/bankaccount_list [36m304 [0m1.559 ms - -[0m
2021-06-01T09:12:18: [0mGET /nodejs/bankaccount/bankaccount_list [36m304 [0m3.768 ms - -[0m
2021-06-01T10:22:25: [0mGET /nodejs/bankaccount/bankaccount_list [36m304 [0m65.428 ms - -[0m
2021-06-01T12:33:29: [0mGET /nodejs/bankaccount/bankaccount_list [36m304 [0m9.228 ms - -[0m
2021-06-01T13:14:36: [0mGET /nodejs/bankaccount/bankaccount_list [36m304 [0m9.032 ms - -[0m
2021-06-01T13:39:42: [0mGET /nodejs/bankaccount/bankaccount_list [36m304 [0m3.368 ms - -[0m
2021-06-01T13:41:24: [0mGET /nodejs/bankaccount/bankaccount_list [36m304 [0m2.458 ms - -[0m
2021-06-01T13:41:44: [0mGET /nodejs/bankaccount/bankaccount_list [36m304 [0m1.895 ms - -[0m
2021-06-01T13:41:57: [0mGET /nodejs/bankaccount/bankaccount_list [36m304 [0m2.127 ms - -[0m
2021-06-01T15:18:29: [0mGET /nodejs/bankaccount/bankaccount_list [36m304 [0m9.067 ms - -[0m
2021-06-01T15:28:07: [0mGET /nodejs/bankaccount/bankaccount_list [36m304 [0m45.109 ms - -[0m
2021-06-01T15:44:28: [0mGET /nodejs/bankaccount/bankaccount_list [36m304 [0m4.517 ms - -[0m
2021-06-01T15:45:30: [0mGET /nodejs/bankaccount/bankaccount_list [36m304 [0m3.273 ms - -[0m
2021-06-01T16:01:35: [0mGET /nodejs/bankaccount/bankaccount_list [36m304 [0m67.836 ms - -[0m
2021-06-01T17:07:08: [0mGET /nodejs/bankaccount/bankaccount_list [36m304 [0m10.467 ms - -[0m
2021-06-01T17:36:57: [0mGET /nodejs/bankaccount/bankaccount_list [36m304 [0m2.948 ms - -[0m
2021-06-01T17:37:34: [0mGET /nodejs/bankaccount/bankaccount_list [36m304 [0m3.229 ms - -[0m
2021-06-01T17:38:43: [0mGET /nodejs/bankaccount/bankaccount_list [36m304 [0m3.455 ms - -[0m
2021-06-01T17:40:49: [0mGET /nodejs/bankaccount/bankaccount_list [36m304 [0m2.003 ms - -[0m
2021-06-01T17:41:38: [0mGET /nodejs/bankaccount/bankaccount_list [36m304 [0m2.056 ms - -[0m
